#
# There is insufficient memory for the Java Runtime Environment to continue.
# Native memory allocation (malloc) failed to allocate 80096 bytes for Chunk::new
# Possible reasons:
#   The system is out of physical RAM or swap space
#   The process is running with CompressedOops enabled, and the Java Heap may be blocking the growth of the native heap
# Possible solutions:
#   Reduce memory load on the system
#   Increase physical memory or swap space
#   Check if swap backing store is full
#   Decrease Java heap size (-Xmx/-Xms)
#   Decrease number of Java threads
#   Decrease Java thread stack sizes (-Xss)
#   Set larger code cache with -XX:ReservedCodeCacheSize=
#   JVM is running with Unscaled Compressed Oops mode in which the Java heap is
#     placed in the first 4GB address space. The Java Heap base address is the
#     maximum limit for the native heap growth. Please use -XX:HeapBaseMinAddress
#     to set the Java Heap base and to place the Java Heap above 4GB virtual address.
# This output file may be truncated or incomplete.
#
#  Out of Memory Error (allocation.cpp:390), pid=12268, tid=0x000000000000390c
#
# JRE version: Java(TM) SE Runtime Environment (8.0_201-b09) (build 1.8.0_201-b09)
# Java VM: Java HotSpot(TM) 64-Bit Server VM (25.201-b09 mixed mode windows-amd64 compressed oops)
# Failed to write core dump. Minidumps are not enabled by default on client versions of Windows
#

---------------  T H R E A D  ---------------

Current thread (0x0000000018156800):  JavaThread "C2 CompilerThread0" daemon [_thread_in_native, id=14604, stack(0x0000000018610000,0x0000000018710000)]

Stack: [0x0000000018610000,0x0000000018710000]
[error occurred during error reporting (printing stack bounds), id 0xc0000005]

Native frames: (J=compiled Java code, j=interpreted, Vv=VM code, C=native code)


Current CompileTask:
C2: 541693 5068       4       sun.nio.cs.UTF_8$Decoder::decode (779 bytes)


---------------  P R O C E S S  ---------------

Java Threads: ( => current thread )
  0x0000000019a47000 JavaThread "mysql-cj-abandoned-connection-cleanup" daemon [_thread_blocked, id=16484, stack(0x0000000026590000,0x0000000026690000)]
  0x00000000197cd800 JavaThread "Prism Font Disposer" daemon [_thread_blocked, id=6608, stack(0x00000000243d0000,0x00000000244d0000)]
  0x00000000197a5000 JavaThread "Timer-0" [_thread_blocked, id=14980, stack(0x0000000021df0000,0x0000000021ef0000)]
  0x00000000195a3000 JavaThread "Thread-3" daemon [_thread_in_native, id=10640, stack(0x00000000216f0000,0x00000000217f0000)]
  0x00000000195dd800 JavaThread "JavaFX-Launcher" [_thread_blocked, id=13380, stack(0x00000000217f0000,0x00000000218f0000)]
  0x00000000184ce800 JavaThread "JavaFX Application Thread" [_thread_in_native, id=2544, stack(0x0000000019f60000,0x000000001a060000)]
  0x00000000184c5800 JavaThread "Thread-1" daemon [_thread_blocked, id=4824, stack(0x0000000019e60000,0x0000000019f60000)]
  0x000000001849c000 JavaThread "QuantumRenderer-0" daemon [_thread_blocked, id=1832, stack(0x0000000018ca0000,0x0000000018da0000)]
  0x00000000181b5000 JavaThread "Service Thread" daemon [_thread_blocked, id=13492, stack(0x0000000018910000,0x0000000018a10000)]
  0x00000000181ad000 JavaThread "C1 CompilerThread2" daemon [_thread_blocked, id=13140, stack(0x0000000018810000,0x0000000018910000)]
  0x0000000018159000 JavaThread "C2 CompilerThread1" daemon [_thread_blocked, id=16548, stack(0x0000000018710000,0x0000000018810000)]
=>0x0000000018156800 JavaThread "C2 CompilerThread0" daemon [_thread_in_native, id=14604, stack(0x0000000018610000,0x0000000018710000)]
  0x0000000016b02000 JavaThread "Monitor Ctrl-Break" daemon [_thread_in_native, id=10584, stack(0x0000000018510000,0x0000000018610000)]
  0x0000000016ab9000 JavaThread "Attach Listener" daemon [_thread_blocked, id=9468, stack(0x0000000018010000,0x0000000018110000)]
  0x0000000016ab5000 JavaThread "Signal Dispatcher" daemon [_thread_blocked, id=8864, stack(0x0000000017f10000,0x0000000018010000)]
  0x000000000320b800 JavaThread "Finalizer" daemon [_thread_blocked, id=10188, stack(0x0000000017d10000,0x0000000017e10000)]
  0x0000000003203000 JavaThread "Reference Handler" daemon [_thread_blocked, id=10036, stack(0x0000000017c10000,0x0000000017d10000)]
  0x0000000003113000 JavaThread "main" [_thread_blocked, id=17180, stack(0x0000000002e30000,0x0000000002f30000)]

Other Threads:
  0x0000000016a77800 VMThread [stack: 0x0000000017b10000,0x0000000017c10000] [id=16880]
  0x000000001822a800 WatcherThread [stack: 0x0000000018a10000,0x0000000018b10000] [id=6560]

VM state:not at safepoint (normal execution)

VM Mutex/Monitor currently owned by a thread: None

heap address: 0x00000000a1800000, size: 1512 MB, Compressed Oops mode: 32-bit
Narrow klass base: 0x0000000000000000, Narrow klass shift: 3
Compressed class space size: 1073741824 Address: 0x0000000100000000

Heap:
 PSYoungGen      total 28160K, used 16766K [0x00000000e0800000, 0x00000000e3280000, 0x0000000100000000)
  eden space 24064K, 55% used [0x00000000e0800000,0x00000000e151e880,0x00000000e1f80000)
  from space 4096K, 81% used [0x00000000e2000000,0x00000000e23412b8,0x00000000e2400000)
  to   space 9728K, 0% used [0x00000000e2900000,0x00000000e2900000,0x00000000e3280000)
 ParOldGen       total 40448K, used 10375K [0x00000000a1800000, 0x00000000a3f80000, 0x00000000e0800000)
  object space 40448K, 25% used [0x00000000a1800000,0x00000000a2221db0,0x00000000a3f80000)
 Metaspace       used 23890K, capacity 25120K, committed 25472K, reserved 1071104K
  class space    used 3084K, capacity 3339K, committed 3456K, reserved 1048576K

Card table byte_map: [0x00000000125d0000,0x00000000128d0000] byte_map_base: 0x00000000120c4000

Marking Bits: (ParMarkBitMap*) 0x000000005b704ce0
 Begin Bits: [0x0000000012ed0000, 0x0000000014670000)
 End Bits:   [0x0000000014670000, 0x0000000015e10000)

Polling page: 0x00000000015b0000

CodeCache: size=245760Kb used=13740Kb max_used=14153Kb free=232019Kb
 bounds [0x0000000003210000, 0x0000000004000000, 0x0000000012210000]
 total_blobs=5081 nmethods=4372 adapters=621
 compilation: enabled

Compilation events (10 events):
Event: 541.525 Thread 0x00000000181ad000 nmethod 5064 0x00000000039dea90 code [0x00000000039ded00, 0x00000000039e0058]
Event: 541.526 Thread 0x00000000181ad000 5065       3       javafx.scene.control.TextFormatter$Change::<init> (16 bytes)
Event: 541.526 Thread 0x00000000181ad000 nmethod 5065 0x00000000039e0a90 code [0x00000000039e0c00, 0x00000000039e0da8]
Event: 541.654 Thread 0x0000000018159000 5066       4       java.util.Objects::requireNonNull (14 bytes)
Event: 541.655 Thread 0x0000000018159000 nmethod 5066 0x0000000003820e10 code [0x0000000003820f40, 0x0000000003820f98]
Event: 541.656 Thread 0x00000000181ad000 5067       3       java.util.Arrays::fill (21 bytes)
Event: 541.656 Thread 0x00000000181ad000 nmethod 5067 0x00000000038017d0 code [0x0000000003801940, 0x0000000003801b30]
Event: 541.658 Thread 0x0000000018156800 5068       4       sun.nio.cs.UTF_8$Decoder::decode (779 bytes)
Event: 541.662 Thread 0x00000000181ad000 5069       3       com.mysql.cj.protocol.a.NativePacketPayload::<init> (27 bytes)
Event: 541.663 Thread 0x00000000181ad000 nmethod 5069 0x0000000003865050 code [0x00000000038651c0, 0x0000000003865430]

GC Heap History (10 events):
Event: 5.166 GC heap before
{Heap before GC invocations=2 (full 0):
 PSYoungGen      total 28672K, used 27648K [0x00000000e0800000, 0x00000000e2800000, 0x0000000100000000)
  eden space 24576K, 100% used [0x00000000e0800000,0x00000000e2000000,0x00000000e2000000)
  from space 4096K, 75% used [0x00000000e2000000,0x00000000e2300040,0x00000000e2400000)
  to   space 4096K, 0% used [0x00000000e2400000,0x00000000e2400000,0x00000000e2800000)
 ParOldGen       total 65536K, used 72K [0x00000000a1800000, 0x00000000a5800000, 0x00000000e0800000)
  object space 65536K, 0% used [0x00000000a1800000,0x00000000a1812010,0x00000000a5800000)
 Metaspace       used 16753K, capacity 17766K, committed 18048K, reserved 1064960K
  class space    used 2439K, capacity 2658K, committed 2688K, reserved 1048576K
Event: 5.179 GC heap after
Heap after GC invocations=2 (full 0):
 PSYoungGen      total 28672K, used 4082K [0x00000000e0800000, 0x00000000e2800000, 0x0000000100000000)
  eden space 24576K, 0% used [0x00000000e0800000,0x00000000e0800000,0x00000000e2000000)
  from space 4096K, 99% used [0x00000000e2400000,0x00000000e27fcac0,0x00000000e2800000)
  to   space 4096K, 0% used [0x00000000e2000000,0x00000000e2000000,0x00000000e2400000)
 ParOldGen       total 65536K, used 2016K [0x00000000a1800000, 0x00000000a5800000, 0x00000000e0800000)
  object space 65536K, 3% used [0x00000000a1800000,0x00000000a19f8010,0x00000000a5800000)
 Metaspace       used 16753K, capacity 17766K, committed 18048K, reserved 1064960K
  class space    used 2439K, capacity 2658K, committed 2688K, reserved 1048576K
}
Event: 114.981 GC heap before
{Heap before GC invocations=3 (full 0):
 PSYoungGen      total 28672K, used 25966K [0x00000000e0800000, 0x00000000e2800000, 0x0000000100000000)
  eden space 24576K, 89% used [0x00000000e0800000,0x00000000e1d5eed0,0x00000000e2000000)
  from space 4096K, 99% used [0x00000000e2400000,0x00000000e27fcac0,0x00000000e2800000)
  to   space 4096K, 0% used [0x00000000e2000000,0x00000000e2000000,0x00000000e2400000)
 ParOldGen       total 65536K, used 2016K [0x00000000a1800000, 0x00000000a5800000, 0x00000000e0800000)
  object space 65536K, 3% used [0x00000000a1800000,0x00000000a19f8010,0x00000000a5800000)
 Metaspace       used 20013K, capacity 21186K, committed 21248K, reserved 1067008K
  class space    used 2763K, capacity 3024K, committed 3072K, reserved 1048576K
Event: 114.994 GC heap after
Heap after GC invocations=3 (full 0):
 PSYoungGen      total 28672K, used 4080K [0x00000000e0800000, 0x00000000e2800000, 0x0000000100000000)
  eden space 24576K, 0% used [0x00000000e0800000,0x00000000e0800000,0x00000000e2000000)
  from space 4096K, 99% used [0x00000000e2000000,0x00000000e23fc040,0x00000000e2400000)
  to   space 4096K, 0% used [0x00000000e2400000,0x00000000e2400000,0x00000000e2800000)
 ParOldGen       total 65536K, used 6505K [0x00000000a1800000, 0x00000000a5800000, 0x00000000e0800000)
  object space 65536K, 9% used [0x00000000a1800000,0x00000000a1e5a440,0x00000000a5800000)
 Metaspace       used 20013K, capacity 21186K, committed 21248K, reserved 1067008K
  class space    used 2763K, capacity 3024K, committed 3072K, reserved 1048576K
}
Event: 114.994 GC heap before
{Heap before GC invocations=4 (full 1):
 PSYoungGen      total 28672K, used 4080K [0x00000000e0800000, 0x00000000e2800000, 0x0000000100000000)
  eden space 24576K, 0% used [0x00000000e0800000,0x00000000e0800000,0x00000000e2000000)
  from space 4096K, 99% used [0x00000000e2000000,0x00000000e23fc040,0x00000000e2400000)
  to   space 4096K, 0% used [0x00000000e2400000,0x00000000e2400000,0x00000000e2800000)
 ParOldGen       total 65536K, used 6505K [0x00000000a1800000, 0x00000000a5800000, 0x00000000e0800000)
  object space 65536K, 9% used [0x00000000a1800000,0x00000000a1e5a440,0x00000000a5800000)
 Metaspace       used 20013K, capacity 21186K, committed 21248K, reserved 1067008K
  class space    used 2763K, capacity 3024K, committed 3072K, reserved 1048576K
Event: 115.134 GC heap after
Heap after GC invocations=4 (full 1):
 PSYoungGen      total 28672K, used 0K [0x00000000e0800000, 0x00000000e2800000, 0x0000000100000000)
  eden space 24576K, 0% used [0x00000000e0800000,0x00000000e0800000,0x00000000e2000000)
  from space 4096K, 0% used [0x00000000e2000000,0x00000000e2000000,0x00000000e2400000)
  to   space 4096K, 0% used [0x00000000e2400000,0x00000000e2400000,0x00000000e2800000)
 ParOldGen       total 40448K, used 10359K [0x00000000a1800000, 0x00000000a3f80000, 0x00000000e0800000)
  object space 40448K, 25% used [0x00000000a1800000,0x00000000a221ddb0,0x00000000a3f80000)
 Metaspace       used 20013K, capacity 21186K, committed 21248K, reserved 1067008K
  class space    used 2763K, capacity 3024K, committed 3072K, reserved 1048576K
}
Event: 182.751 GC heap before
{Heap before GC invocations=5 (full 1):
 PSYoungGen      total 28672K, used 24576K [0x00000000e0800000, 0x00000000e2800000, 0x0000000100000000)
  eden space 24576K, 100% used [0x00000000e0800000,0x00000000e2000000,0x00000000e2000000)
  from space 4096K, 0% used [0x00000000e2000000,0x00000000e2000000,0x00000000e2400000)
  to   space 4096K, 0% used [0x00000000e2400000,0x00000000e2400000,0x00000000e2800000)
 ParOldGen       total 40448K, used 10359K [0x00000000a1800000, 0x00000000a3f80000, 0x00000000e0800000)
  object space 40448K, 25% used [0x00000000a1800000,0x00000000a221ddb0,0x00000000a3f80000)
 Metaspace       used 23184K, capacity 24388K, committed 24704K, reserved 1071104K
  class space    used 3066K, capacity 3335K, committed 3456K, reserved 1048576K
Event: 182.755 GC heap after
Heap after GC invocations=5 (full 1):
 PSYoungGen      total 28672K, used 3733K [0x00000000e0800000, 0x00000000e2800000, 0x0000000100000000)
  eden space 24576K, 0% used [0x00000000e0800000,0x00000000e0800000,0x00000000e2000000)
  from space 4096K, 91% used [0x00000000e2400000,0x00000000e27a5630,0x00000000e2800000)
  to   space 4096K, 0% used [0x00000000e2000000,0x00000000e2000000,0x00000000e2400000)
 ParOldGen       total 40448K, used 10367K [0x00000000a1800000, 0x00000000a3f80000, 0x00000000e0800000)
  object space 40448K, 25% used [0x00000000a1800000,0x00000000a221fdb0,0x00000000a3f80000)
 Metaspace       used 23184K, capacity 24388K, committed 24704K, reserved 1071104K
  class space    used 3066K, capacity 3335K, committed 3456K, reserved 1048576K
}
Event: 366.833 GC heap before
{Heap before GC invocations=6 (full 1):
 PSYoungGen      total 28672K, used 28309K [0x00000000e0800000, 0x00000000e2800000, 0x0000000100000000)
  eden space 24576K, 100% used [0x00000000e0800000,0x00000000e2000000,0x00000000e2000000)
  from space 4096K, 91% used [0x00000000e2400000,0x00000000e27a5630,0x00000000e2800000)
  to   space 4096K, 0% used [0x00000000e2000000,0x00000000e2000000,0x00000000e2400000)
 ParOldGen       total 40448K, used 10367K [0x00000000a1800000, 0x00000000a3f80000, 0x00000000e0800000)
  object space 40448K, 25% used [0x00000000a1800000,0x00000000a221fdb0,0x00000000a3f80000)
 Metaspace       used 23779K, capacity 24988K, committed 25216K, reserved 1071104K
  class space    used 3084K, capacity 3339K, committed 3456K, reserved 1048576K
Event: 366.840 GC heap after
Heap after GC invocations=6 (full 1):
 PSYoungGen      total 28160K, used 3332K [0x00000000e0800000, 0x00000000e3280000, 0x0000000100000000)
  eden space 24064K, 0% used [0x00000000e0800000,0x00000000e0800000,0x00000000e1f80000)
  from space 4096K, 81% used [0x00000000e2000000,0x00000000e23412b8,0x00000000e2400000)
  to   space 9728K, 0% used [0x00000000e2900000,0x00000000e2900000,0x00000000e3280000)
 ParOldGen       total 40448K, used 10375K [0x00000000a1800000, 0x00000000a3f80000, 0x00000000e0800000)
  object space 40448K, 25% used [0x00000000a1800000,0x00000000a2221db0,0x00000000a3f80000)
 Metaspace       used 23779K, capacity 24988K, committed 25216K, reserved 1071104K
  class space    used 3084K, capacity 3339K, committed 3456K, reserved 1048576K
}

Deoptimization events (10 events):
Event: 134.954 Thread 0x00000000184ce800 Uncommon trap: reason=array_check action=maybe_recompile pc=0x0000000003c247f8 method=com.sun.javafx.css.CompoundSelector.applies(Ljavafx/css/Styleable;[Ljava/util/Set;I)Z @ 128
Event: 134.966 Thread 0x00000000184ce800 Uncommon trap: reason=unstable_if action=reinterpret pc=0x0000000003badca0 method=javafx.scene.Node.updateBounds()V @ 47
Event: 182.378 Thread 0x00000000184ce800 Uncommon trap: reason=class_check action=maybe_recompile pc=0x0000000003b8f520 method=com.sun.javafx.event.CompositeEventHandler.dispatchCapturingEvent(Ljavafx/event/Event;)V @ 12
Event: 182.382 Thread 0x00000000184ce800 Uncommon trap: reason=class_check action=maybe_recompile pc=0x0000000003c6a9d8 method=com.sun.javafx.event.CompositeEventHandler.dispatchBubblingEvent(Ljavafx/event/Event;)V @ 12
Event: 182.390 Thread 0x00000000184ce800 Uncommon trap: reason=unstable_if action=reinterpret pc=0x00000000039d723c method=java.lang.StrictMath.floorOrCeil(DDDD)D @ 14
Event: 182.402 Thread 0x00000000184ce800 Uncommon trap: reason=class_check action=maybe_recompile pc=0x0000000003b8f520 method=com.sun.javafx.event.CompositeEventHandler.dispatchCapturingEvent(Ljavafx/event/Event;)V @ 12
Event: 182.403 Thread 0x00000000184ce800 Uncommon trap: reason=class_check action=maybe_recompile pc=0x0000000003c6a9d8 method=com.sun.javafx.event.CompositeEventHandler.dispatchBubblingEvent(Ljavafx/event/Event;)V @ 12
Event: 182.403 Thread 0x00000000184ce800 Uncommon trap: reason=class_check action=maybe_recompile pc=0x0000000003b8f520 method=com.sun.javafx.event.CompositeEventHandler.dispatchCapturingEvent(Ljavafx/event/Event;)V @ 12
Event: 182.403 Thread 0x00000000184ce800 Uncommon trap: reason=class_check action=maybe_recompile pc=0x0000000003c6a9d8 method=com.sun.javafx.event.CompositeEventHandler.dispatchBubblingEvent(Ljavafx/event/Event;)V @ 12
Event: 322.278 Thread 0x00000000184ce800 Uncommon trap: reason=predicate action=maybe_recompile pc=0x0000000003ebfbb4 method=javafx.scene.Scene$ClickGenerator.postProcess(Ljavafx/scene/input/MouseEvent;Ljavafx/scene/Scene$TargetWrapper;Ljavafx/scene/Scene$TargetWrapper;)V @ 78

Classes redefined (0 events):
No events

Internal exceptions (10 events):
Event: 2.796 Thread 0x00000000184ce800 Exception <a 'java/lang/NullPointerException'> (0x00000000e1938bf8) thrown at [C:\re\workspace\8-2-build-windows-amd64-cygwin\jdk8u201\12322\hotspot\src\share\vm\prims\jvm.cpp, line 1506]
Event: 3.118 Thread 0x00000000184ce800 Exception <a 'java/lang/ArrayIndexOutOfBoundsException': 58> (0x00000000e1f0ffc0) thrown at [C:\re\workspace\8-2-build-windows-amd64-cygwin\jdk8u201\12322\hotspot\src\share\vm\interpreter\interpreterRuntime.cpp, line 368]
Event: 3.119 Thread 0x00000000184ce800 Exception <a 'java/lang/ArrayIndexOutOfBoundsException': 18> (0x00000000e1f14e30) thrown at [C:\re\workspace\8-2-build-windows-amd64-cygwin\jdk8u201\12322\hotspot\src\share\vm\interpreter\interpreterRuntime.cpp, line 368]
Event: 3.120 Thread 0x00000000184ce800 Exception <a 'java/lang/ArrayIndexOutOfBoundsException': 86> (0x00000000e1f16cd8) thrown at [C:\re\workspace\8-2-build-windows-amd64-cygwin\jdk8u201\12322\hotspot\src\share\vm\interpreter\interpreterRuntime.cpp, line 368]
Event: 3.339 Thread 0x00000000184ce800 Exception <a 'java/lang/ArrayIndexOutOfBoundsException'> (0x00000000e0bf5b08) thrown at [C:\re\workspace\8-2-build-windows-amd64-cygwin\jdk8u201\12322\hotspot\src\share\vm\runtime\sharedRuntime.cpp, line 605]
Event: 3.340 Thread 0x00000000184ce800 Exception <a 'java/lang/ArrayIndexOutOfBoundsException'> (0x00000000e0bf6b08) thrown at [C:\re\workspace\8-2-build-windows-amd64-cygwin\jdk8u201\12322\hotspot\src\share\vm\runtime\sharedRuntime.cpp, line 605]
Event: 3.340 Thread 0x00000000184ce800 Exception <a 'java/lang/ArrayIndexOutOfBoundsException'> (0x00000000e0bf9270) thrown at [C:\re\workspace\8-2-build-windows-amd64-cygwin\jdk8u201\12322\hotspot\src\share\vm\runtime\sharedRuntime.cpp, line 605]
Event: 3.556 Thread 0x00000000184ce800 Implicit null exception at 0x00000000034d52b5 to 0x00000000034d548d
Event: 114.507 Thread 0x00000000184ce800 Implicit null exception at 0x0000000003a9410d to 0x0000000003a943bd
Event: 114.882 Thread 0x00000000184ce800 Implicit null exception at 0x00000000034f4f56 to 0x00000000034f52f1

Events (10 events):
Event: 541.366 Thread 0x00000000181ad000 flushing nmethod 0x0000000003a07090
Event: 541.366 Thread 0x00000000181ad000 flushing nmethod 0x0000000003a07550
Event: 541.366 Thread 0x00000000181ad000 flushing nmethod 0x0000000003a1a1d0
Event: 541.366 Thread 0x00000000181ad000 flushing nmethod 0x0000000003a341d0
Event: 541.366 Thread 0x00000000181ad000 flushing nmethod 0x0000000003a6b910
Event: 541.367 Thread 0x00000000181ad000 flushing nmethod 0x0000000003a7e650
Event: 541.385 Thread 0x0000000018159000 flushing nmethod 0x0000000003ae4310
Event: 541.385 Thread 0x0000000018159000 flushing nmethod 0x0000000003aef210
Event: 541.388 Thread 0x00000000181ad000 flushing nmethod 0x0000000003c16250
Event: 541.655 Thread 0x0000000018159000 flushing nmethod 0x0000000003ebc950


Dynamic libraries:
0x00007ff6a7040000 - 0x00007ff6a7077000 	C:\Program Files\Java\jdk1.8.0_201\bin\java.exe
0x00007ff8d5390000 - 0x00007ff8d557d000 	C:\WINDOWS\SYSTEM32\ntdll.dll
0x00007ff8d2750000 - 0x00007ff8d2803000 	C:\WINDOWS\System32\KERNEL32.DLL
0x00007ff8d1af0000 - 0x00007ff8d1d83000 	C:\WINDOWS\System32\KERNELBASE.dll
0x00007ff8d4fe0000 - 0x00007ff8d5083000 	C:\WINDOWS\System32\ADVAPI32.dll
0x00007ff8d5200000 - 0x00007ff8d529e000 	C:\WINDOWS\System32\msvcrt.dll
0x00007ff8d25c0000 - 0x00007ff8d265e000 	C:\WINDOWS\System32\sechost.dll
0x00007ff8d39c0000 - 0x00007ff8d3ae2000 	C:\WINDOWS\System32\RPCRT4.dll
0x00007ff8d2970000 - 0x00007ff8d2b07000 	C:\WINDOWS\System32\USER32.dll
0x00007ff8d14e0000 - 0x00007ff8d1500000 	C:\WINDOWS\System32\win32u.dll
0x00007ff8d5300000 - 0x00007ff8d5329000 	C:\WINDOWS\System32\GDI32.dll
0x00007ff8d1750000 - 0x00007ff8d18ea000 	C:\WINDOWS\System32\gdi32full.dll
0x00007ff8d16b0000 - 0x00007ff8d1750000 	C:\WINDOWS\System32\msvcp_win.dll
0x00007ff8d15b0000 - 0x00007ff8d16aa000 	C:\WINDOWS\System32\ucrtbase.dll
0x00007ff8c1710000 - 0x00007ff8c1989000 	C:\WINDOWS\WinSxS\amd64_microsoft.windows.common-controls_6595b64144ccf1df_6.0.17763.437_none_05b63dca071e5dd6\COMCTL32.dll
0x00007ff8d3520000 - 0x00007ff8d384c000 	C:\WINDOWS\System32\combase.dll
0x00007ff8d1460000 - 0x00007ff8d14de000 	C:\WINDOWS\System32\bcryptPrimitives.dll
0x00007ff8d5330000 - 0x00007ff8d535e000 	C:\WINDOWS\System32\IMM32.DLL
0x000000005ce40000 - 0x000000005cf11000 	C:\Program Files\Java\jdk1.8.0_201\jre\bin\msvcr100.dll
0x000000005aee0000 - 0x000000005b784000 	C:\Program Files\Java\jdk1.8.0_201\jre\bin\server\jvm.dll
0x00007ff8d5090000 - 0x00007ff8d5098000 	C:\WINDOWS\System32\PSAPI.DLL
0x00007ff8ad260000 - 0x00007ff8ad269000 	C:\WINDOWS\SYSTEM32\WSOCK32.dll
0x00007ff8cf050000 - 0x00007ff8cf074000 	C:\WINDOWS\SYSTEM32\WINMM.dll
0x00007ff8d26e0000 - 0x00007ff8d274d000 	C:\WINDOWS\System32\WS2_32.dll
0x00007ff8c7560000 - 0x00007ff8c756a000 	C:\WINDOWS\SYSTEM32\VERSION.dll
0x00007ff8cf020000 - 0x00007ff8cf04d000 	C:\WINDOWS\SYSTEM32\WINMMBASE.dll
0x00007ff8d2510000 - 0x00007ff8d255a000 	C:\WINDOWS\System32\cfgmgr32.dll
0x00007ff8cdb00000 - 0x00007ff8cdb0f000 	C:\Program Files\Java\jdk1.8.0_201\jre\bin\verify.dll
0x00007ff8ccac0000 - 0x00007ff8ccae9000 	C:\Program Files\Java\jdk1.8.0_201\jre\bin\java.dll
0x00007ff8c46d0000 - 0x00007ff8c46f3000 	C:\Program Files\Java\jdk1.8.0_201\jre\bin\instrument.dll
0x00007ff8ccee0000 - 0x00007ff8ccef6000 	C:\Program Files\Java\jdk1.8.0_201\jre\bin\zip.dll
0x00007ff8d3af0000 - 0x00007ff8d4fe0000 	C:\WINDOWS\System32\SHELL32.dll
0x00007ff8d2810000 - 0x00007ff8d28b8000 	C:\WINDOWS\System32\shcore.dll
0x00007ff8d1d90000 - 0x00007ff8d24da000 	C:\WINDOWS\System32\windows.storage.dll
0x00007ff8d1390000 - 0x00007ff8d13b4000 	C:\WINDOWS\System32\profapi.dll
0x00007ff8d13c0000 - 0x00007ff8d141d000 	C:\WINDOWS\System32\powrprof.dll
0x00007ff8d3000000 - 0x00007ff8d3052000 	C:\WINDOWS\System32\shlwapi.dll
0x00007ff8d1420000 - 0x00007ff8d1431000 	C:\WINDOWS\System32\kernel.appcore.dll
0x00007ff8d1ad0000 - 0x00007ff8d1ae7000 	C:\WINDOWS\System32\cryptsp.dll
0x00007ff8c4420000 - 0x00007ff8c443a000 	C:\Program Files\IntelliJ IDEA 2018.3.5\bin\breakgen64.dll
0x00007ff8cbb80000 - 0x00007ff8cbb9a000 	C:\Program Files\Java\jdk1.8.0_201\jre\bin\net.dll
0x00007ff8c5d40000 - 0x00007ff8c5f16000 	C:\WINDOWS\SYSTEM32\urlmon.dll
0x00007ff8c6180000 - 0x00007ff8c6428000 	C:\WINDOWS\SYSTEM32\iertutil.dll
0x00007ff8d0de0000 - 0x00007ff8d0dec000 	C:\WINDOWS\SYSTEM32\CRYPTBASE.DLL
0x00007ff8d0bb0000 - 0x00007ff8d0c17000 	C:\WINDOWS\system32\mswsock.dll
0x0000000001660000 - 0x0000000001663000 	C:\Program Files\Java\jdk1.8.0_201\jre\bin\api-ms-win-core-console-l1-1-0.dll
0x0000000001670000 - 0x0000000001673000 	C:\Program Files\Java\jdk1.8.0_201\jre\bin\api-ms-win-core-datetime-l1-1-0.dll
0x0000000002f30000 - 0x0000000002f33000 	C:\Program Files\Java\jdk1.8.0_201\jre\bin\api-ms-win-core-debug-l1-1-0.dll
0x0000000002f40000 - 0x0000000002f43000 	C:\Program Files\Java\jdk1.8.0_201\jre\bin\api-ms-win-core-errorhandling-l1-1-0.dll
0x0000000002f50000 - 0x0000000002f54000 	C:\Program Files\Java\jdk1.8.0_201\jre\bin\api-ms-win-core-file-l1-1-0.dll
0x0000000002f60000 - 0x0000000002f63000 	C:\Program Files\Java\jdk1.8.0_201\jre\bin\api-ms-win-core-file-l1-2-0.dll
0x0000000002f70000 - 0x0000000002f73000 	C:\Program Files\Java\jdk1.8.0_201\jre\bin\api-ms-win-core-file-l2-1-0.dll
0x0000000002f80000 - 0x0000000002f83000 	C:\Program Files\Java\jdk1.8.0_201\jre\bin\api-ms-win-core-handle-l1-1-0.dll
0x0000000002f90000 - 0x0000000002f93000 	C:\Program Files\Java\jdk1.8.0_201\jre\bin\api-ms-win-core-heap-l1-1-0.dll
0x0000000002fa0000 - 0x0000000002fa3000 	C:\Program Files\Java\jdk1.8.0_201\jre\bin\api-ms-win-core-interlocked-l1-1-0.dll
0x0000000002fb0000 - 0x0000000002fb3000 	C:\Program Files\Java\jdk1.8.0_201\jre\bin\api-ms-win-core-libraryloader-l1-1-0.dll
0x0000000002fc0000 - 0x0000000002fc3000 	C:\Program Files\Java\jdk1.8.0_201\jre\bin\api-ms-win-core-localization-l1-2-0.dll
0x0000000002fd0000 - 0x0000000002fd3000 	C:\Program Files\Java\jdk1.8.0_201\jre\bin\api-ms-win-core-memory-l1-1-0.dll
0x0000000002fe0000 - 0x0000000002fe3000 	C:\Program Files\Java\jdk1.8.0_201\jre\bin\api-ms-win-core-namedpipe-l1-1-0.dll
0x0000000002ff0000 - 0x0000000002ff3000 	C:\Program Files\Java\jdk1.8.0_201\jre\bin\api-ms-win-core-processenvironment-l1-1-0.dll
0x0000000018b10000 - 0x0000000018b13000 	C:\Program Files\Java\jdk1.8.0_201\jre\bin\api-ms-win-core-processthreads-l1-1-0.dll
0x0000000018b20000 - 0x0000000018b23000 	C:\Program Files\Java\jdk1.8.0_201\jre\bin\api-ms-win-core-processthreads-l1-1-1.dll
0x0000000018b30000 - 0x0000000018b33000 	C:\Program Files\Java\jdk1.8.0_201\jre\bin\api-ms-win-core-profile-l1-1-0.dll
0x0000000018b40000 - 0x0000000018b43000 	C:\Program Files\Java\jdk1.8.0_201\jre\bin\api-ms-win-core-rtlsupport-l1-1-0.dll
0x0000000018b50000 - 0x0000000018b53000 	C:\Program Files\Java\jdk1.8.0_201\jre\bin\api-ms-win-core-string-l1-1-0.dll
0x0000000018b60000 - 0x0000000018b63000 	C:\Program Files\Java\jdk1.8.0_201\jre\bin\api-ms-win-core-synch-l1-1-0.dll
0x0000000018b70000 - 0x0000000018b73000 	C:\Program Files\Java\jdk1.8.0_201\jre\bin\api-ms-win-core-synch-l1-2-0.dll
0x0000000018b80000 - 0x0000000018b83000 	C:\Program Files\Java\jdk1.8.0_201\jre\bin\api-ms-win-core-sysinfo-l1-1-0.dll
0x0000000018b90000 - 0x0000000018b93000 	C:\Program Files\Java\jdk1.8.0_201\jre\bin\api-ms-win-core-timezone-l1-1-0.dll
0x0000000018ba0000 - 0x0000000018ba3000 	C:\Program Files\Java\jdk1.8.0_201\jre\bin\api-ms-win-core-util-l1-1-0.dll
0x0000000018bb0000 - 0x0000000018bb3000 	C:\Program Files\Java\jdk1.8.0_201\jre\bin\api-ms-win-crt-conio-l1-1-0.dll
0x0000000018bc0000 - 0x0000000018bc4000 	C:\Program Files\Java\jdk1.8.0_201\jre\bin\api-ms-win-crt-convert-l1-1-0.dll
0x0000000018bd0000 - 0x0000000018bd3000 	C:\Program Files\Java\jdk1.8.0_201\jre\bin\api-ms-win-crt-environment-l1-1-0.dll
0x0000000018be0000 - 0x0000000018be3000 	C:\Program Files\Java\jdk1.8.0_201\jre\bin\api-ms-win-crt-filesystem-l1-1-0.dll
0x0000000018bf0000 - 0x0000000018bf3000 	C:\Program Files\Java\jdk1.8.0_201\jre\bin\api-ms-win-crt-heap-l1-1-0.dll
0x0000000018c00000 - 0x0000000018c03000 	C:\Program Files\Java\jdk1.8.0_201\jre\bin\api-ms-win-crt-locale-l1-1-0.dll
0x0000000018c10000 - 0x0000000018c15000 	C:\Program Files\Java\jdk1.8.0_201\jre\bin\api-ms-win-crt-math-l1-1-0.dll
0x0000000018c20000 - 0x0000000018c25000 	C:\Program Files\Java\jdk1.8.0_201\jre\bin\api-ms-win-crt-multibyte-l1-1-0.dll
0x0000000018c30000 - 0x0000000018c40000 	C:\Program Files\Java\jdk1.8.0_201\jre\bin\api-ms-win-crt-private-l1-1-0.dll
0x0000000018c40000 - 0x0000000018c43000 	C:\Program Files\Java\jdk1.8.0_201\jre\bin\api-ms-win-crt-process-l1-1-0.dll
0x0000000018c50000 - 0x0000000018c54000 	C:\Program Files\Java\jdk1.8.0_201\jre\bin\api-ms-win-crt-runtime-l1-1-0.dll
0x0000000018c60000 - 0x0000000018c64000 	C:\Program Files\Java\jdk1.8.0_201\jre\bin\api-ms-win-crt-stdio-l1-1-0.dll
0x0000000018c70000 - 0x0000000018c74000 	C:\Program Files\Java\jdk1.8.0_201\jre\bin\api-ms-win-crt-string-l1-1-0.dll
0x0000000018c80000 - 0x0000000018c83000 	C:\Program Files\Java\jdk1.8.0_201\jre\bin\api-ms-win-crt-time-l1-1-0.dll
0x0000000018c90000 - 0x0000000018c93000 	C:\Program Files\Java\jdk1.8.0_201\jre\bin\api-ms-win-crt-utility-l1-1-0.dll
0x00007ff8a65c0000 - 0x00007ff8a66b6000 	C:\Program Files\Java\jdk1.8.0_201\jre\bin\ucrtbase.dll
0x00007ff8c4040000 - 0x00007ff8c4056000 	C:\Program Files\Java\jdk1.8.0_201\jre\bin\vcruntime140.dll
0x00007ff8a6520000 - 0x00007ff8a65bc000 	C:\Program Files\Java\jdk1.8.0_201\jre\bin\msvcp140.dll
0x00007ff8a9080000 - 0x00007ff8a90d1000 	C:\Program Files\Java\jdk1.8.0_201\jre\bin\concrt140.dll
0x00007ff8c4010000 - 0x00007ff8c4033000 	C:\Program Files\Java\jdk1.8.0_201\jre\bin\prism_d3d.dll
0x00007ff8bd3a0000 - 0x00007ff8bd53e000 	C:\WINDOWS\system32\d3d9.dll
0x00007ff8cf690000 - 0x00007ff8cf6be000 	C:\WINDOWS\SYSTEM32\dwmapi.dll
0x00007ff8d18f0000 - 0x00007ff8d1acb000 	C:\WINDOWS\System32\CRYPT32.dll
0x00007ff8d1440000 - 0x00007ff8d1452000 	C:\WINDOWS\System32\MSASN1.dll
0x00007ff8cf5a0000 - 0x00007ff8cf63c000 	C:\WINDOWS\system32\uxtheme.dll
0x00007ff8d0770000 - 0x00007ff8d07a3000 	C:\WINDOWS\system32\rsaenh.dll
0x00007ff8d24e0000 - 0x00007ff8d2506000 	C:\WINDOWS\System32\bcrypt.dll
0x00007ff8c3d40000 - 0x00007ff8c3d89000 	C:\Program Files\Java\jdk1.8.0_201\jre\bin\glass.dll
0x00007ff8d50b0000 - 0x00007ff8d51d7000 	C:\WINDOWS\System32\COMDLG32.dll
0x00007ff8d3060000 - 0x00007ff8d31b5000 	C:\WINDOWS\System32\ole32.dll
0x00007ff8d31c0000 - 0x00007ff8d3284000 	C:\WINDOWS\System32\OLEAUT32.dll
0x00007ff8d3850000 - 0x00007ff8d39ba000 	C:\WINDOWS\System32\MSCTF.dll
0x00007ff8a7560000 - 0x00007ff8a764b000 	C:\WINDOWS\System32\DriverStore\FileRepository\nvlti.inf_amd64_83a389b28f4c421e\nvldumdx.dll
0x00007ff8868f0000 - 0x00007ff887afd000 	C:\WINDOWS\System32\DriverStore\FileRepository\nvlti.inf_amd64_83a389b28f4c421e\nvd3dumx.dll
0x00007ff8a0bc0000 - 0x00007ff8a0e6e000 	C:\WINDOWS\system32\nvspcap64.dll
0x00007ff8d0450000 - 0x00007ff8d0481000 	C:\WINDOWS\SYSTEM32\ntmarta.dll
0x00007ff885e80000 - 0x00007ff8868ed000 	C:\WINDOWS\SYSTEM32\igdumdim64.dll
0x00007ff8cb330000 - 0x00007ff8cb795000 	C:\WINDOWS\SYSTEM32\igdusc64.dll
0x00007ff8c3ff0000 - 0x00007ff8c4004000 	C:\Program Files\Java\jdk1.8.0_201\jre\bin\javafx_font.dll
0x00007ff8c5860000 - 0x00007ff8c5b5f000 	C:\WINDOWS\SYSTEM32\dwrite.dll
0x00007ff8d28c0000 - 0x00007ff8d2962000 	C:\WINDOWS\System32\clbcatq.dll
0x00007ff8cccc0000 - 0x00007ff8cce78000 	C:\WINDOWS\SYSTEM32\WindowsCodecs.dll
0x00007ff89b650000 - 0x00007ff89b6a6000 	C:\WINDOWS\system32\dataexchange.dll
0x00007ff8ce1a0000 - 0x00007ff8ce41e000 	C:\WINDOWS\system32\d3d11.dll
0x00007ff8ce9f0000 - 0x00007ff8cebb3000 	C:\WINDOWS\system32\dcomp.dll
0x00007ff8d0110000 - 0x00007ff8d01d2000 	C:\WINDOWS\system32\dxgi.dll
0x00007ff8cf6c0000 - 0x00007ff8cf8cd000 	C:\WINDOWS\system32\twinapi.appcore.dll
0x00007ff8cf8d0000 - 0x00007ff8cf8f8000 	C:\WINDOWS\system32\RMCLIENT.dll
0x00007ff8c8470000 - 0x00007ff8c84a3000 	C:\Program Files\Common Files\Microsoft Shared\Ink\rtscom.dll
0x00007ff8c7810000 - 0x00007ff8c78a5000 	C:\WINDOWS\System32\TextInputFramework.dll
0x00007ff8cd1f0000 - 0x00007ff8cd512000 	C:\WINDOWS\System32\CoreUIComponents.dll
0x00007ff8cef30000 - 0x00007ff8cf012000 	C:\WINDOWS\System32\CoreMessaging.dll
0x00007ff8cd080000 - 0x00007ff8cd1d3000 	C:\WINDOWS\SYSTEM32\wintypes.dll
0x00007ff8c37d0000 - 0x00007ff8c37e2000 	C:\Program Files\Java\jdk1.8.0_201\jre\bin\prism_common.dll
0x00007ff8d0950000 - 0x00007ff8d0a16000 	C:\WINDOWS\SYSTEM32\DNSAPI.dll
0x00007ff8d2ff0000 - 0x00007ff8d2ff8000 	C:\WINDOWS\System32\NSI.dll
0x00007ff8d0910000 - 0x00007ff8d094d000 	C:\WINDOWS\SYSTEM32\IPHLPAPI.DLL
0x00007ff8c3b30000 - 0x00007ff8c3b3a000 	C:\Windows\System32\rasadhlp.dll

VM Arguments:
jvm_args: -javaagent:C:\Program Files\IntelliJ IDEA 2018.3.5\lib\idea_rt.jar=55312:C:\Program Files\IntelliJ IDEA 2018.3.5\bin -Dfile.encoding=UTF-8 
java_command: sample.Main
java_class_path (initial): C:\Program Files\Java\jdk1.8.0_201\jre\lib\charsets.jar;C:\Program Files\Java\jdk1.8.0_201\jre\lib\deploy.jar;C:\Program Files\Java\jdk1.8.0_201\jre\lib\ext\access-bridge-64.jar;C:\Program Files\Java\jdk1.8.0_201\jre\lib\ext\cldrdata.jar;C:\Program Files\Java\jdk1.8.0_201\jre\lib\ext\dnsns.jar;C:\Program Files\Java\jdk1.8.0_201\jre\lib\ext\jaccess.jar;C:\Program Files\Java\jdk1.8.0_201\jre\lib\ext\jfxrt.jar;C:\Program Files\Java\jdk1.8.0_201\jre\lib\ext\localedata.jar;C:\Program Files\Java\jdk1.8.0_201\jre\lib\ext\nashorn.jar;C:\Program Files\Java\jdk1.8.0_201\jre\lib\ext\sunec.jar;C:\Program Files\Java\jdk1.8.0_201\jre\lib\ext\sunjce_provider.jar;C:\Program Files\Java\jdk1.8.0_201\jre\lib\ext\sunmscapi.jar;C:\Program Files\Java\jdk1.8.0_201\jre\lib\ext\sunpkcs11.jar;C:\Program Files\Java\jdk1.8.0_201\jre\lib\ext\zipfs.jar;C:\Program Files\Java\jdk1.8.0_201\jre\lib\javaws.jar;C:\Program Files\Java\jdk1.8.0_201\jre\lib\jce.jar;C:\Program Files\Java\jdk1.8.0_201\jre\lib\jfr.jar;C:\Program Files\Java\jdk1.8.0_201\jre\lib\jfxswt.jar;C:\Program Files\Java\jdk1.8.0_201\jre\lib\jsse.jar;C:\Program Files\Java\jdk1.8.0_201\jre\lib\management-agent.jar;C:\Program Files\Java\jdk1.8.0_201\jre\lib\plugin.jar;C:\Program Files\Java\jdk1.8.0_201\jre\lib\resources.jar;C:\Program Files\Java\jdk1.8.0_201\jre\lib\rt.jar;C:\Users\lenovo\IdeaProjects\TimeCounter\out\production\TimeCounter;X:\Programs\mysql-connector-java-8.0.16\mysql-connector-java-8.0.16.jar;C:\Program Files\IntelliJ IDEA 2018.3.5\lib\idea_rt.jar
Launcher Type: SUN_STANDARD

Environment Variables:
PATH=C:\Program Files (x86)\Common Files\Oracle\Java\javapath;X:\Programs\Oracle\XE\app\oracle\product\11.2.0\server\bin;;C:\Program Files\Microsoft MPI\Bin\;X:\Programs\Oracle\product\18.0.0\client_1\bin;C:\WINDOWS\system32;C:\WINDOWS;C:\WINDOWS\System32\Wbem;C:\WINDOWS\System32\WindowsPowerShell\v1.0\;C:\WINDOWS\System32\OpenSSH\;C:\Program Files\dotnet\;C:\Program Files\Microsoft SQL Server\130\Tools\Binn\;C:\Program Files\Microsoft SQL Server\Client SDK\ODBC\130\Tools\Binn\;C:\Program Files (x86)\Microsoft SQL Server\140\Tools\Binn\;C:\Program Files\Microsoft SQL Server\140\Tools\Binn\;C:\Program Files\Microsoft SQL Server\140\DTS\Binn\;C:\Program Files (x86)\Microsoft SQL Server\Client SDK\ODBC\130\Tools\Binn\;C:\Program Files (x86)\Microsoft SQL Server\140\DTS\Binn\;C:\Program Files (x86)\Microsoft SQL Server\140\Tools\Binn\ManagementStudio\;C:\Program Files (x86)\NVIDIA Corporation\PhysX\Common;C:\Program Files\NVIDIA Corporation\NVIDIA NvDLISR;X:\Programs\bin;C:\Users\lenovo\AppData\Local\atom\bin
USERNAME=lenovo
OS=Windows_NT
PROCESSOR_IDENTIFIER=Intel64 Family 6 Model 58 Stepping 9, GenuineIntel



---------------  S Y S T E M  ---------------

OS: Windows 10.0 , 64 bit Build 17763 (10.0.17763.437)

CPU:total 4 (initial active 4) (2 cores per cpu, 2 threads per core) family 6 model 58 stepping 9, cmov, cx8, fxsr, mmx, sse, sse2, sse3, ssse3, sse4.1, sse4.2, popcnt, avx, clmul, erms, ht, tsc, tscinvbit, tscinv

Memory: 4k page, physical 6191464k(436676k free), swap 12482920k(2076k free)

vm_info: Java HotSpot(TM) 64-Bit Server VM (25.201-b09) for windows-amd64 JRE (1.8.0_201-b09), built on Dec 15 2018 18:36:39 by "java_re" with MS VC++ 10.0 (VS2010)

time: Tue Jun 11 17:12:50 2019
timezone: Финляндия (лето)
elapsed time: 541 seconds (0d 0h 9m 1s)

